<?xml version="1.0" encoding="UTF-8"?>
<!-- Generated by org.testng.reporters.JUnitReportReporter -->
<testsuite hostname="Om-Satapthy01.local" failures="0" tests="1" name="com.jan11.WeatherAPI" time="1.562" errors="0" timestamp="2025-01-17T15:56:47 IST" skipped="0">
  <testcase classname="com.jan11.WeatherAPI" name="weatherTest" time="1.562"/>
  <system-out/>
</testsuite> <!-- com.jan11.WeatherAPI -->
