<?xml version="1.0" encoding="UTF-8"?>
<!-- Generated by org.testng.reporters.JUnitReportReporter -->
<testsuite hostname="Om-Satapthy01.local" failures="0" tests="1" name="com.datadriven.ReadJsonFile" time="0.012" errors="0" timestamp="2025-01-15T12:18:14 IST" skipped="0">
  <testcase classname="com.datadriven.ReadJsonFile" name="readJson" time="0.012"/>
  <system-out/>
</testsuite> <!-- com.datadriven.ReadJsonFile -->
