<?xml version="1.0" encoding="UTF-8"?>
<!-- Generated by org.testng.reporters.JUnitReportReporter -->
<testsuite hostname="Om-Satapthy01.local" failures="0" tests="1" name="com.apitest.TestCreateuser" time="1.327" errors="0" timestamp="2025-01-14T22:00:08 IST" skipped="0">
  <testcase classname="com.apitest.TestCreateuser" name="createLaptop" time="1.327"/>
  <system-out/>
</testsuite> <!-- com.apitest.TestCreateuser -->
