<?xml version="1.0" encoding="UTF-8"?>
<!-- Generated by org.testng.reporters.JUnitReportReporter -->
<testsuite hostname="Om-Satapthy01.local" failures="0" tests="2" name="core.selenium.UseofJavaScriptExectuor" time="3.429" errors="0" timestamp="2025-01-03T20:21:34 IST" skipped="0">
  <testcase classname="core.selenium.UseofJavaScriptExectuor" name="keyBoradAction" time="0.076"/>
  <system-out/>
  <testcase classname="core.selenium.UseofJavaScriptExectuor" name="enterValue" time="3.353"/>
  <system-out/>
</testsuite> <!-- core.selenium.UseofJavaScriptExectuor -->
