<?xml version="1.0" encoding="UTF-8"?>
<!-- Generated by org.testng.reporters.JUnitReportReporter -->
<testsuite hostname="Om-Satapthy01.local" failures="0" tests="1" name="core.JavaSprint.DatabaseConnect" time="0.139" errors="0" timestamp="2024-12-26T23:36:12 IST" skipped="0">
  <testcase classname="core.JavaSprint.DatabaseConnect" name="dbconnection" time="0.139"/>
  <system-out/>
</testsuite> <!-- core.JavaSprint.DatabaseConnect -->
