<?xml version="1.0" encoding="UTF-8"?>
<!-- Generated by org.testng.reporters.JUnitReportReporter -->
<testsuite hostname="Om-Satapthy01.local" failures="0" tests="1" name="com.jan11.LocatorHandle" time="6.223" errors="0" timestamp="2025-01-12T17:28:46 IST" skipped="0">
  <testcase classname="com.jan11.LocatorHandle" name="dropDown" time="6.223"/>
  <system-out/>
</testsuite> <!-- com.jan11.LocatorHandle -->
