<?xml version="1.0" encoding="UTF-8"?>
<!-- Generated by org.testng.reporters.JUnitReportReporter -->
<testsuite hostname="Om-Satapthy01.local" failures="0" tests="1" name="com.jan11.Webautomation" time="23.974" errors="0" timestamp="2025-01-11T08:55:18 IST" skipped="0">
  <testcase classname="com.jan11.Webautomation" name="framehandler" time="23.974"/>
  <system-out/>
</testsuite> <!-- com.jan11.Webautomation -->
