<?xml version="1.0" encoding="UTF-8"?>
<!-- Generated by org.testng.reporters.JUnitReportReporter -->
<testsuite hostname="Om-Satapthy01.local" failures="0" tests="1" name="com.jan20.DropdownHandle" time="6.606" errors="0" timestamp="2025-01-30T08:05:28 IST" skipped="0">
  <testcase classname="com.jan20.DropdownHandle" name="handleDropdown" time="6.606"/>
  <system-out/>
</testsuite> <!-- com.jan20.DropdownHandle -->
