<?xml version="1.0" encoding="UTF-8"?>
<!-- Generated by org.testng.reporters.JUnitReportReporter -->
<testsuite hostname="Om-Satapthy01.local" failures="0" tests="2" name="com.apitest.TestCreateuser" time="1.961" errors="0" timestamp="2025-01-14T22:33:10 IST" skipped="0">
  <testcase classname="com.apitest.TestCreateuser" name="createLaptop" time="1.406"/>
  <system-out/>
  <testcase classname="com.apitest.TestCreateuser" name="createuser" time="0.555"/>
  <system-out/>
</testsuite> <!-- com.apitest.TestCreateuser -->
