<?xml version="1.0" encoding="UTF-8"?>
<!-- Generated by org.testng.reporters.JUnitReportReporter -->
<testsuite hostname="Om-Satapthy01.local" failures="0" tests="2" name="core.dec24.HandlingFrame" time="15.853" errors="0" timestamp="2024-12-26T11:31:32 IST" skipped="0">
  <testcase classname="core.dec24.HandlingFrame" name="frame1" time="9.267"/>
  <system-out/>
  <testcase classname="core.dec24.HandlingFrame" name="frame2" time="6.586"/>
  <system-out/>
</testsuite> <!-- core.dec24.HandlingFrame -->
