<?xml version="1.0" encoding="UTF-8"?>
<!-- Generated by org.testng.reporters.JUnitReportReporter -->
<testsuite hostname="Om-Satapthy01.local" failures="0" tests="1" name="com.restapi.ResponseVerify" time="1.211" errors="0" timestamp="2025-01-08T17:10:09 IST" skipped="0">
  <testcase classname="com.restapi.ResponseVerify" name="verifyResponse" time="1.211"/>
  <system-out/>
</testsuite> <!-- com.restapi.ResponseVerify -->
