<?xml version="1.0" encoding="UTF-8"?>
<!-- Generated by org.testng.reporters.JUnitReportReporter -->
<testsuite hostname="Om-Satapthy01.local" failures="0" tests="3" name="core.dec30.testExection2" time="0.005" errors="0" timestamp="2024-12-29T22:26:24 IST" skipped="0">
  <testcase classname="core.dec30.testExection2" name="test2" time="0.002"/>
  <system-out/>
  <testcase classname="core.dec30.testExection2" name="test1" time="0.002"/>
  <system-out/>
  <testcase classname="core.dec30.testExection2" name="test3" time="0.001"/>
  <system-out/>
</testsuite> <!-- core.dec30.testExection2 -->
