<?xml version="1.0" encoding="UTF-8"?>
<!-- Generated by org.testng.reporters.JUnitReportReporter -->
<testsuite hostname="Om-Satapthy01.local" failures="0" tests="2" name="com.feb11.Newtab" time="11.296" errors="0" timestamp="2025-02-12T07:06:30 IST" skipped="0">
  <testcase classname="com.feb11.Newtab" name="openNewtab1" time="6.862"/>
  <system-out/>
  <testcase classname="com.feb11.Newtab" name="openNewtab" time="4.434"/>
  <system-out/>
</testsuite> <!-- com.feb11.Newtab -->
