<?xml version="1.0" encoding="UTF-8"?>
<!-- Generated by org.testng.reporters.JUnitReportReporter -->
<testsuite hostname="Om-Satapthy01.local" failures="0" tests="1" name="com.jan11.MoveallzeroRight" time="0.004" errors="0" timestamp="2025-01-12T11:02:26 IST" skipped="0">
  <testcase classname="com.jan11.MoveallzeroRight" name="oddEven" time="0.004"/>
  <system-out/>
</testsuite> <!-- com.jan11.MoveallzeroRight -->
