<?xml version="1.0" encoding="UTF-8"?>
<!-- Generated by org.testng.reporters.JUnitReportReporter -->
<testsuite hostname="Om-Satapthy01.local" failures="0" tests="1" name="core.selenium.SelectDropDown" time="22.899" errors="0" timestamp="2025-01-18T17:27:01 IST" skipped="0">
  <testcase classname="core.selenium.SelectDropDown" name="dropDown" time="22.899"/>
  <system-out/>
</testsuite> <!-- core.selenium.SelectDropDown -->
