<?xml version="1.0" encoding="UTF-8"?>
<!-- Generated by org.testng.reporters.JUnitReportReporter -->
<testsuite hostname="Om-Satapthy01.local" failures="0" tests="1" name="com.jan11.WeatherAPI" time="2.210" errors="0" timestamp="2025-02-12T11:50:19 IST" skipped="0">
  <testcase classname="com.jan11.WeatherAPI" name="weatherTest" time="2.210"/>
  <system-out/>
</testsuite> <!-- com.jan11.WeatherAPI -->
