<?xml version="1.0" encoding="UTF-8"?>
<!-- Generated by org.testng.reporters.JUnitReportReporter -->
<testsuite hostname="Om-Satapthy01.local" failures="0" tests="3" name="core.dec24.FrameAlertWindow" time="20.090" errors="0" timestamp="2024-12-26T11:31:32 IST" skipped="0">
  <testcase classname="core.dec24.FrameAlertWindow" name="handleAlert3" time="6.447"/>
  <system-out/>
  <testcase classname="core.dec24.FrameAlertWindow" name="handleAlert" time="6.925"/>
  <system-out/>
  <testcase classname="core.dec24.FrameAlertWindow" name="handleAlert2" time="6.718"/>
  <system-out/>
</testsuite> <!-- core.dec24.FrameAlertWindow -->
