<?xml version="1.0" encoding="UTF-8"?>
<!-- Generated by org.testng.reporters.JUnitReportReporter -->
<testsuite hostname="Om-Satapthy01.local" failures="0" tests="2" name="com.jan7.ResponseValidation" time="1.733" errors="0" timestamp="2025-01-07T20:37:39 IST" skipped="0">
  <testcase classname="com.jan7.ResponseValidation" name="getRequest" time="0.952"/>
  <system-out/>
  <testcase classname="com.jan7.ResponseValidation" name="verifyWithid" time="0.781"/>
  <system-out/>
</testsuite> <!-- com.jan7.ResponseValidation -->
