<?xml version="1.0" encoding="UTF-8"?>
<!-- Generated by org.testng.reporters.JUnitReportReporter -->
<testsuite hostname="Om-Satapthy01.local" failures="0" tests="1" name="com.feb11.PostRequest" time="1.076" errors="0" timestamp="2025-02-12T16:40:21 IST" skipped="0">
  <testcase classname="com.feb11.PostRequest" name="createObject" time="1.076"/>
  <system-out/>
</testsuite> <!-- com.feb11.PostRequest -->
