<?xml version="1.0" encoding="UTF-8"?>
<!-- Generated by org.testng.reporters.JUnitReportReporter -->
<testsuite hostname="Om-Satapthy01.local" failures="0" tests="1" name="utilities.SetCapability" time="4.801" errors="0" timestamp="2025-01-20T12:34:40 IST" skipped="0">
  <testcase classname="utilities.SetCapability" name="manageCokkies" time="4.801"/>
  <system-out/>
</testsuite> <!-- utilities.SetCapability -->
