<?xml version="1.0" encoding="UTF-8"?>
<!-- Generated by org.testng.reporters.JUnitReportReporter -->
<testsuite hostname="Om-Satapthy01.local" failures="0" tests="1" name="com.jan7.ResponseValidation" time="1.563" errors="0" timestamp="2025-01-07T20:24:17 IST" skipped="0">
  <testcase classname="com.jan7.ResponseValidation" name="getRequest" time="1.563"/>
  <system-out/>
</testsuite> <!-- com.jan7.ResponseValidation -->
