<?xml version="1.0" encoding="UTF-8"?>
<!-- Generated by org.testng.reporters.JUnitReportReporter -->
<testsuite hostname="Om-Satapthy01.local" failures="0" tests="1" name="com.jan11.WeatherAPI" time="2.048" errors="0" timestamp="2025-01-16T17:36:24 IST" skipped="0">
  <testcase classname="com.jan11.WeatherAPI" name="weatherTest" time="2.048"/>
  <system-out/>
</testsuite> <!-- com.jan11.WeatherAPI -->
