<?xml version="1.0" encoding="UTF-8"?>
<!-- Generated by org.testng.reporters.JUnitReportReporter -->
<testsuite hostname="Om-Satapthy01.local" failures="0" tests="4" name="core.dec30.testExecution" time="0.005" errors="0" timestamp="2024-12-30T05:13:21 IST" skipped="0">
  <testcase classname="core.dec30.testExecution" name="test2" time="0.004"/>
  <system-out/>
  <testcase classname="core.dec30.testExecution" name="test6" time="0.000"/>
  <system-out/>
  <testcase classname="core.dec30.testExecution" name="test5" time="0.000"/>
  <system-out/>
  <testcase classname="core.dec30.testExecution" name="test4" time="0.001"/>
  <system-out/>
</testsuite> <!-- core.dec30.testExecution -->
