<?xml version="1.0" encoding="UTF-8"?>
<!-- Generated by org.testng.reporters.JUnitReportReporter -->
<testsuite hostname="Om-Satapthy01.local" failures="0" tests="1" name="utilities.DatePicker" time="19.288" errors="0" timestamp="2025-01-19T16:33:36 IST" skipped="0">
  <testcase classname="utilities.DatePicker" name="dataPickerSelect" time="19.288"/>
  <system-out/>
</testsuite> <!-- utilities.DatePicker -->
